{
"c:\\git\\widgets\\utmocha\\dist\\tests\\tests.js":{"path":"c:\\git\\widgets\\utmocha\\dist\\tests\\tests.js","s":{"1":1,"2":1,"3":8,"4":5,"5":2,"6":2,"7":2,"8":0,"9":0,"10":0,"11":0,"12":3,"13":3,"14":6,"15":6,"16":6,"17":1,"18":1,"19":2,"20":1,"21":1,"22":1,"23":1,"24":1,"25":1,"26":1,"27":1,"28":1,"29":1,"30":1,"31":1,"32":1,"33":1,"34":1,"35":1,"36":0,"37":1,"38":1,"39":0,"40":0,"41":1},"b":{"1":[5,3],"2":[2,3],"3":[2,2],"4":[2,0],"5":[2,2],"6":[0,0],"7":[6,0],"8":[1,1]},"f":{"1":1,"2":8,"3":6,"4":1,"5":1,"6":1,"7":1,"8":1,"9":1,"10":1,"11":0,"12":0},"fnMap":{"1":{"name":"e","line":1,"loc":{"start":{"line":1,"column":-15},"end":{"line":1,"column":-15}}},"2":{"name":"s","line":2,"loc":{"start":{"line":0,"column":0},"end":{"line":0,"column":0},"skip":true},"skip":true},"3":{"name":"(anonymous_3)","line":6,"loc":{"start":{"line":0,"column":0},"end":{"line":0,"column":0},"skip":true},"skip":true},"4":{"name":"(anonymous_4)","line":11,"loc":{"start":{"line":0,"column":0},"end":{"line":0,"column":0},"skip":true},"skip":true},"5":{"name":"(anonymous_5)","line":18,"loc":{"start":{"line":8,"column":28},"end":{"line":8,"column":28}}},"6":{"name":"(anonymous_6)","line":19,"loc":{"start":{"line":9,"column":44},"end":{"line":9,"column":44}}},"7":{"name":"(anonymous_7)","line":37,"loc":{"start":{"line":0,"column":0},"end":{"line":0,"column":0},"skip":true},"skip":true},"8":{"name":"(anonymous_8)","line":44,"loc":{"start":{"line":8,"column":30},"end":{"line":8,"column":30}}},"9":{"name":"(anonymous_9)","line":45,"loc":{"start":{"line":9,"column":47},"end":{"line":9,"column":47}}},"10":{"name":"(anonymous_10)","line":63,"loc":{"start":{"line":0,"column":0},"end":{"line":0,"column":0},"skip":true},"skip":true},"11":{"name":"sayHello","line":66,"loc":{"start":{"line":1,"column":-15},"end":{"line":1,"column":10}}},"12":{"name":"showHello","line":70,"loc":{"start":{"line":5,"column":0},"end":{"line":5,"column":43}}}},"statementMap":{"1":{"start":{"line":0,"column":0},"end":{"line":0,"column":0},"skip":true},"2":{"start":{"line":0,"column":0},"end":{"line":0,"column":0},"skip":true},"3":{"start":{"line":0,"column":0},"end":{"line":0,"column":0},"skip":true},"4":{"start":{"line":0,"column":0},"end":{"line":0,"column":0},"skip":true},"5":{"start":{"line":0,"column":0},"end":{"line":0,"column":0},"skip":true},"6":{"start":{"line":0,"column":0},"end":{"line":0,"column":0},"skip":true},"7":{"start":{"line":0,"column":0},"end":{"line":0,"column":0},"skip":true},"8":{"start":{"line":0,"column":0},"end":{"line":0,"column":0},"skip":true},"9":{"start":{"line":0,"column":0},"end":{"line":0,"column":0},"skip":true},"10":{"start":{"line":0,"column":0},"end":{"line":0,"column":0},"skip":true},"11":{"start":{"line":0,"column":0},"end":{"line":0,"column":0},"skip":true},"12":{"start":{"line":0,"column":0},"end":{"line":0,"column":0},"skip":true},"13":{"start":{"line":0,"column":0},"end":{"line":0,"column":0},"skip":true},"14":{"start":{"line":0,"column":0},"end":{"line":0,"column":0},"skip":true},"15":{"start":{"line":0,"column":0},"end":{"line":0,"column":0},"skip":true},"16":{"start":{"line":0,"column":0},"end":{"line":0,"column":0},"skip":true},"17":{"start":{"line":0,"column":0},"end":{"line":0,"column":0},"skip":true},"18":{"start":{"line":0,"column":0},"end":{"line":0,"column":0},"skip":true},"19":{"start":{"line":0,"column":0},"end":{"line":0,"column":0},"skip":true},"20":{"start":{"line":0,"column":0},"end":{"line":0,"column":0},"skip":true},"21":{"start":{"line":3,"column":0},"end":{"line":3,"column":23}},"22":{"start":{"line":4,"column":0},"end":{"line":4,"column":24}},"23":{"start":{"line":6,"column":0},"end":{"line":6,"column":21}},"24":{"start":{"line":8,"column":0},"end":{"line":26,"column":1}},"25":{"start":{"line":9,"column":4},"end":{"line":12,"column":5}},"26":{"start":{"line":10,"column":8},"end":{"line":10,"column":34}},"27":{"start":{"line":11,"column":8},"end":{"line":11,"column":35}},"28":{"start":{"line":3,"column":0},"end":{"line":3,"column":23}},"29":{"start":{"line":4,"column":0},"end":{"line":4,"column":24}},"30":{"start":{"line":6,"column":0},"end":{"line":6,"column":21}},"31":{"start":{"line":8,"column":0},"end":{"line":26,"column":1}},"32":{"start":{"line":9,"column":4},"end":{"line":12,"column":5}},"33":{"start":{"line":10,"column":8},"end":{"line":10,"column":34}},"34":{"start":{"line":11,"column":8},"end":{"line":11,"column":35}},"35":{"start":{"line":1,"column":-15},"end":{"line":3,"column":1}},"36":{"start":{"line":2,"column":4},"end":{"line":2,"column":25}},"37":{"start":{"line":1,"column":1},"end":{"line":3,"column":1}},"38":{"start":{"line":5,"column":0},"end":{"line":8,"column":1}},"39":{"start":{"line":6,"column":4},"end":{"line":6,"column":38}},"40":{"start":{"line":7,"column":4},"end":{"line":7,"column":29}},"41":{"start":{"line":5,"column":16},"end":{"line":8,"column":1}}},"branchMap":{"1":{"line":3,"type":"if","locations":[{"start":{"line":0,"column":0},"end":{"line":0,"column":0},"skip":true},{"start":{"line":0,"column":0},"end":{"line":0,"column":0},"skip":true}]},"2":{"line":4,"type":"if","locations":[{"start":{"line":0,"column":0},"end":{"line":0,"column":0},"skip":true},{"start":{"line":0,"column":0},"end":{"line":0,"column":0},"skip":true}]},"3":{"line":5,"type":"binary-expr","locations":[{"start":{"line":0,"column":0},"end":{"line":0,"column":0},"skip":true},{"start":{"line":0,"column":0},"end":{"line":0,"column":0},"skip":true}]},"4":{"line":5,"type":"if","locations":[{"start":{"line":0,"column":0},"end":{"line":0,"column":0},"skip":true},{"start":{"line":0,"column":0},"end":{"line":0,"column":0},"skip":true}]},"5":{"line":5,"type":"binary-expr","locations":[{"start":{"line":0,"column":0},"end":{"line":0,"column":0},"skip":true},{"start":{"line":0,"column":0},"end":{"line":0,"column":0},"skip":true}]},"6":{"line":5,"type":"if","locations":[{"start":{"line":0,"column":0},"end":{"line":0,"column":0},"skip":true},{"start":{"line":0,"column":0},"end":{"line":0,"column":0},"skip":true}]},"7":{"line":7,"type":"cond-expr","locations":[{"start":{"line":0,"column":0},"end":{"line":0,"column":0},"skip":true},{"start":{"line":0,"column":0},"end":{"line":0,"column":0},"skip":true}]},"8":{"line":10,"type":"binary-expr","locations":[{"start":{"line":0,"column":0},"end":{"line":0,"column":0},"skip":true},{"start":{"line":0,"column":0},"end":{"line":0,"column":0},"skip":true}]}},"l":{"0":8,"1":1,"2":0,"3":1,"4":1,"5":1,"6":1,"7":0,"8":1,"9":1,"10":1,"11":1}}}
