TN:
SF:c:\git\widgets\utmocha\dist\tests\tests.js
FN:1,e
FN:2,s
FN:6,(anonymous_3)
FN:11,(anonymous_4)
FN:18,(anonymous_5)
FN:19,(anonymous_6)
FN:37,(anonymous_7)
FN:44,(anonymous_8)
FN:45,(anonymous_9)
FN:63,(anonymous_10)
FN:66,sayHello
FN:70,showHello
FNF:12
FNH:10
FNDA:1,e
FNDA:8,s
FNDA:6,(anonymous_3)
FNDA:1,(anonymous_4)
FNDA:1,(anonymous_5)
FNDA:1,(anonymous_6)
FNDA:1,(anonymous_7)
FNDA:1,(anonymous_8)
FNDA:1,(anonymous_9)
FNDA:1,(anonymous_10)
FNDA:0,sayHello
FNDA:0,showHello
DA:0,8
DA:1,1
DA:2,0
DA:3,1
DA:4,1
DA:5,1
DA:6,1
DA:7,0
DA:8,1
DA:9,1
DA:10,1
DA:11,1
LF:12
LH:10
BRDA:3,1,0,5
BRDA:3,1,1,3
BRDA:4,2,0,2
BRDA:4,2,1,3
BRDA:5,3,0,2
BRDA:5,3,1,2
BRDA:5,4,0,2
BRDA:5,4,1,0
BRDA:5,5,0,2
BRDA:5,5,1,2
BRDA:5,6,0,0
BRDA:5,6,1,0
BRDA:7,7,0,6
BRDA:7,7,1,0
BRDA:10,8,0,1
BRDA:10,8,1,1
BRF:16
BRH:16
end_of_record
